{"/private/var/folders/3z/35r744951n1b8qpcmnlm7t8m0000gn/T/vibe-kanban/worktrees/f065-create-tests-for/my-phaser-game/src/levels/LevelManager.ts": {"path":"/private/var/folders/3z/35r744951n1b8qpcmnlm7t8m0000gn/T/vibe-kanban/worktrees/f065-create-tests-for/my-phaser-game/src/levels/LevelManager.ts","statementMap":{"0":{"start":{"line":33,"column":8},"end":{"line":35,"column":null}},"1":{"start":{"line":34,"column":12},"end":{"line":34,"column":null}},"2":{"start":{"line":38,"column":8},"end":{"line":38,"column":null}},"3":{"start":{"line":45,"column":8},"end":{"line":47,"column":null}},"4":{"start":{"line":46,"column":12},"end":{"line":46,"column":null}},"5":{"start":{"line":48,"column":8},"end":{"line":51,"column":null}},"6":{"start":{"line":49,"column":26},"end":{"line":49,"column":null}},"7":{"start":{"line":50,"column":12},"end":{"line":50,"column":null}},"8":{"start":{"line":52,"column":8},"end":{"line":52,"column":null}},"9":{"start":{"line":59,"column":8},"end":{"line":61,"column":null}},"10":{"start":{"line":60,"column":12},"end":{"line":60,"column":null}},"11":{"start":{"line":62,"column":8},"end":{"line":65,"column":null}},"12":{"start":{"line":63,"column":26},"end":{"line":63,"column":null}},"13":{"start":{"line":64,"column":12},"end":{"line":64,"column":null}},"14":{"start":{"line":66,"column":8},"end":{"line":66,"column":null}},"15":{"start":{"line":73,"column":8},"end":{"line":115,"column":null}},"16":{"start":{"line":122,"column":8},"end":{"line":171,"column":null}},"17":{"start":{"line":178,"column":8},"end":{"line":238,"column":null}},"18":{"start":{"line":245,"column":8},"end":{"line":301,"column":null}},"19":{"start":{"line":308,"column":8},"end":{"line":357,"column":null}},"20":{"start":{"line":364,"column":8},"end":{"line":411,"column":null}},"21":{"start":{"line":418,"column":8},"end":{"line":471,"column":null}},"22":{"start":{"line":478,"column":8},"end":{"line":538,"column":null}},"23":{"start":{"line":545,"column":8},"end":{"line":596,"column":null}},"24":{"start":{"line":603,"column":8},"end":{"line":650,"column":null}},"25":{"start":{"line":657,"column":8},"end":{"line":716,"column":null}},"26":{"start":{"line":723,"column":8},"end":{"line":772,"column":null}},"27":{"start":{"line":779,"column":8},"end":{"line":826,"column":null}},"28":{"start":{"line":833,"column":8},"end":{"line":882,"column":null}},"29":{"start":{"line":889,"column":8},"end":{"line":942,"column":null}},"30":{"start":{"line":949,"column":8},"end":{"line":1004,"column":null}},"31":{"start":{"line":1011,"column":8},"end":{"line":1064,"column":null}},"32":{"start":{"line":1071,"column":8},"end":{"line":1122,"column":null}},"33":{"start":{"line":1129,"column":8},"end":{"line":1176,"column":null}},"34":{"start":{"line":1183,"column":8},"end":{"line":1239,"column":null}},"35":{"start":{"line":1246,"column":8},"end":{"line":1267,"column":null}},"36":{"start":{"line":1271,"column":29},"end":{"line":1271,"column":null}},"37":{"start":{"line":1272,"column":22},"end":{"line":1272,"column":null}},"38":{"start":{"line":1273,"column":29},"end":{"line":1273,"column":null}},"39":{"start":{"line":1275,"column":8},"end":{"line":1282,"column":null}},"40":{"start":{"line":1276,"column":12},"end":{"line":1281,"column":null}},"41":{"start":{"line":1276,"column":25},"end":{"line":1276,"column":37}},"42":{"start":{"line":1277,"column":30},"end":{"line":1277,"column":null}},"43":{"start":{"line":1278,"column":16},"end":{"line":1280,"column":null}},"44":{"start":{"line":1279,"column":20},"end":{"line":1279,"column":null}},"45":{"start":{"line":1289,"column":8},"end":{"line":1295,"column":null}},"46":{"start":{"line":1290,"column":12},"end":{"line":1290,"column":null}},"47":{"start":{"line":1293,"column":28},"end":{"line":1293,"column":null}},"48":{"start":{"line":1294,"column":12},"end":{"line":1294,"column":null}},"49":{"start":{"line":1302,"column":8},"end":{"line":1302,"column":null}}},"fnMap":{"0":{"name":"(anonymous_0)","decl":{"start":{"line":32,"column":11},"end":{"line":32,"column":28}},"loc":{"start":{"line":32,"column":67},"end":{"line":39,"column":null}},"line":32},"1":{"name":"(anonymous_1)","decl":{"start":{"line":44,"column":11},"end":{"line":44,"column":27}},"loc":{"start":{"line":44,"column":61},"end":{"line":53,"column":null}},"line":44},"2":{"name":"(anonymous_2)","decl":{"start":{"line":58,"column":11},"end":{"line":58,"column":30}},"loc":{"start":{"line":58,"column":64},"end":{"line":67,"column":null}},"line":58},"3":{"name":"(anonymous_3)","decl":{"start":{"line":72,"column":11},"end":{"line":72,"column":48}},"loc":{"start":{"line":72,"column":48},"end":{"line":116,"column":null}},"line":72},"4":{"name":"(anonymous_4)","decl":{"start":{"line":121,"column":11},"end":{"line":121,"column":53}},"loc":{"start":{"line":121,"column":53},"end":{"line":172,"column":null}},"line":121},"5":{"name":"(anonymous_5)","decl":{"start":{"line":177,"column":11},"end":{"line":177,"column":45}},"loc":{"start":{"line":177,"column":45},"end":{"line":239,"column":null}},"line":177},"6":{"name":"(anonymous_6)","decl":{"start":{"line":244,"column":11},"end":{"line":244,"column":49}},"loc":{"start":{"line":244,"column":49},"end":{"line":302,"column":null}},"line":244},"7":{"name":"(anonymous_7)","decl":{"start":{"line":307,"column":11},"end":{"line":307,"column":45}},"loc":{"start":{"line":307,"column":45},"end":{"line":358,"column":null}},"line":307},"8":{"name":"(anonymous_8)","decl":{"start":{"line":363,"column":11},"end":{"line":363,"column":49}},"loc":{"start":{"line":363,"column":49},"end":{"line":412,"column":null}},"line":363},"9":{"name":"(anonymous_9)","decl":{"start":{"line":417,"column":11},"end":{"line":417,"column":47}},"loc":{"start":{"line":417,"column":47},"end":{"line":472,"column":null}},"line":417},"10":{"name":"(anonymous_10)","decl":{"start":{"line":477,"column":11},"end":{"line":477,"column":50}},"loc":{"start":{"line":477,"column":50},"end":{"line":539,"column":null}},"line":477},"11":{"name":"(anonymous_11)","decl":{"start":{"line":544,"column":11},"end":{"line":544,"column":47}},"loc":{"start":{"line":544,"column":47},"end":{"line":597,"column":null}},"line":544},"12":{"name":"(anonymous_12)","decl":{"start":{"line":602,"column":11},"end":{"line":602,"column":44}},"loc":{"start":{"line":602,"column":44},"end":{"line":651,"column":null}},"line":602},"13":{"name":"(anonymous_13)","decl":{"start":{"line":656,"column":11},"end":{"line":656,"column":45}},"loc":{"start":{"line":656,"column":45},"end":{"line":717,"column":null}},"line":656},"14":{"name":"(anonymous_14)","decl":{"start":{"line":722,"column":11},"end":{"line":722,"column":49}},"loc":{"start":{"line":722,"column":49},"end":{"line":773,"column":null}},"line":722},"15":{"name":"(anonymous_15)","decl":{"start":{"line":778,"column":11},"end":{"line":778,"column":43}},"loc":{"start":{"line":778,"column":43},"end":{"line":827,"column":null}},"line":778},"16":{"name":"(anonymous_16)","decl":{"start":{"line":832,"column":11},"end":{"line":832,"column":43}},"loc":{"start":{"line":832,"column":43},"end":{"line":883,"column":null}},"line":832},"17":{"name":"(anonymous_17)","decl":{"start":{"line":888,"column":11},"end":{"line":888,"column":46}},"loc":{"start":{"line":888,"column":46},"end":{"line":943,"column":null}},"line":888},"18":{"name":"(anonymous_18)","decl":{"start":{"line":948,"column":11},"end":{"line":948,"column":48}},"loc":{"start":{"line":948,"column":48},"end":{"line":1005,"column":null}},"line":948},"19":{"name":"(anonymous_19)","decl":{"start":{"line":1010,"column":11},"end":{"line":1010,"column":47}},"loc":{"start":{"line":1010,"column":47},"end":{"line":1065,"column":null}},"line":1010},"20":{"name":"(anonymous_20)","decl":{"start":{"line":1070,"column":11},"end":{"line":1070,"column":47}},"loc":{"start":{"line":1070,"column":47},"end":{"line":1123,"column":null}},"line":1070},"21":{"name":"(anonymous_21)","decl":{"start":{"line":1128,"column":11},"end":{"line":1128,"column":47}},"loc":{"start":{"line":1128,"column":47},"end":{"line":1177,"column":null}},"line":1128},"22":{"name":"(anonymous_22)","decl":{"start":{"line":1182,"column":11},"end":{"line":1182,"column":50}},"loc":{"start":{"line":1182,"column":50},"end":{"line":1240,"column":null}},"line":1182},"23":{"name":"(anonymous_23)","decl":{"start":{"line":1245,"column":11},"end":{"line":1245,"column":41}},"loc":{"start":{"line":1245,"column":41},"end":{"line":1268,"column":null}},"line":1245},"24":{"name":"(anonymous_24)","decl":{"start":{"line":1270,"column":11},"end":{"line":1270,"column":27}},"loc":{"start":{"line":1270,"column":120},"end":{"line":1283,"column":null}},"line":1270},"25":{"name":"(anonymous_25)","decl":{"start":{"line":1275,"column":38},"end":{"line":1275,"column":50}},"loc":{"start":{"line":1275,"column":50},"end":{"line":1282,"column":9}},"line":1275},"26":{"name":"(anonymous_26)","decl":{"start":{"line":1288,"column":11},"end":{"line":1288,"column":29}},"loc":{"start":{"line":1288,"column":82},"end":{"line":1296,"column":null}},"line":1288},"27":{"name":"(anonymous_27)","decl":{"start":{"line":1301,"column":11},"end":{"line":1301,"column":32}},"loc":{"start":{"line":1301,"column":32},"end":{"line":1303,"column":null}},"line":1301}},"branchMap":{"0":{"loc":{"start":{"line":33,"column":8},"end":{"line":35,"column":null}},"type":"if","locations":[{"start":{"line":33,"column":8},"end":{"line":35,"column":null}},{"start":{},"end":{}}],"line":33},"1":{"loc":{"start":{"line":45,"column":8},"end":{"line":47,"column":null}},"type":"if","locations":[{"start":{"line":45,"column":8},"end":{"line":47,"column":null}},{"start":{},"end":{}}],"line":45},"2":{"loc":{"start":{"line":48,"column":8},"end":{"line":51,"column":null}},"type":"if","locations":[{"start":{"line":48,"column":8},"end":{"line":51,"column":null}},{"start":{},"end":{}}],"line":48},"3":{"loc":{"start":{"line":59,"column":8},"end":{"line":61,"column":null}},"type":"if","locations":[{"start":{"line":59,"column":8},"end":{"line":61,"column":null}},{"start":{},"end":{}}],"line":59},"4":{"loc":{"start":{"line":62,"column":8},"end":{"line":65,"column":null}},"type":"if","locations":[{"start":{"line":62,"column":8},"end":{"line":65,"column":null}},{"start":{},"end":{}}],"line":62},"5":{"loc":{"start":{"line":1272,"column":22},"end":{"line":1272,"column":null}},"type":"cond-expr","locations":[{"start":{"line":1272,"column":42},"end":{"line":1272,"column":85}},{"start":{"line":1272,"column":85},"end":{"line":1272,"column":null}}],"line":1272},"6":{"loc":{"start":{"line":1273,"column":29},"end":{"line":1273,"column":null}},"type":"binary-expr","locations":[{"start":{"line":1273,"column":29},"end":{"line":1273,"column":57}},{"start":{"line":1273,"column":57},"end":{"line":1273,"column":null}}],"line":1273},"7":{"loc":{"start":{"line":1278,"column":16},"end":{"line":1280,"column":null}},"type":"if","locations":[{"start":{"line":1278,"column":16},"end":{"line":1280,"column":null}},{"start":{},"end":{}}],"line":1278},"8":{"loc":{"start":{"line":1289,"column":8},"end":{"line":1295,"column":null}},"type":"if","locations":[{"start":{"line":1289,"column":8},"end":{"line":1295,"column":null}},{"start":{"line":1291,"column":15},"end":{"line":1295,"column":null}}],"line":1289},"9":{"loc":{"start":{"line":1293,"column":28},"end":{"line":1293,"column":null}},"type":"binary-expr","locations":[{"start":{"line":1293,"column":28},"end":{"line":1293,"column":59}},{"start":{"line":1293,"column":59},"end":{"line":1293,"column":null}}],"line":1293}},"s":{"0":2,"1":1,"2":1,"3":3,"4":1,"5":2,"6":1,"7":1,"8":1,"9":3,"10":1,"11":2,"12":1,"13":1,"14":1,"15":14,"16":12,"17":14,"18":12,"19":12,"20":12,"21":12,"22":11,"23":11,"24":11,"25":11,"26":11,"27":11,"28":11,"29":11,"30":11,"31":11,"32":11,"33":11,"34":12,"35":11,"36":0,"37":0,"38":0,"39":0,"40":0,"41":0,"42":0,"43":0,"44":0,"45":0,"46":0,"47":0,"48":0,"49":0},"f":{"0":1,"1":1,"2":1,"3":1,"4":1,"5":1,"6":1,"7":1,"8":1,"9":1,"10":1,"11":1,"12":1,"13":1,"14":1,"15":1,"16":1,"17":1,"18":1,"19":1,"20":1,"21":1,"22":1,"23":1,"24":1,"25":0,"26":1,"27":1},"b":{"0":[1,1],"1":[1,2],"2":[1,1],"3":[1,2],"4":[1,1],"5":[0,0],"6":[0,0],"7":[0,0],"8":[0,0],"9":[0,0]},"meta":{"lastBranch":10,"lastFunction":28,"lastStatement":50,"seen":{"f:32:11:32:28":0,"b:33:8:35:Infinity:undefined:undefined:undefined:undefined":0,"s:33:8:35:Infinity":0,"s:34:12:34:Infinity":1,"s:38:8:38:Infinity":2,"f:44:11:44:27":1,"b:45:8:47:Infinity:undefined:undefined:undefined:undefined":1,"s:45:8:47:Infinity":3,"s:46:12:46:Infinity":4,"b:48:8:51:Infinity:undefined:undefined:undefined:undefined":2,"s:48:8:51:Infinity":5,"s:49:26:49:Infinity":6,"s:50:12:50:Infinity":7,"s:52:8:52:Infinity":8,"f:58:11:58:30":2,"b:59:8:61:Infinity:undefined:undefined:undefined:undefined":3,"s:59:8:61:Infinity":9,"s:60:12:60:Infinity":10,"b:62:8:65:Infinity:undefined:undefined:undefined:undefined":4,"s:62:8:65:Infinity":11,"s:63:26:63:Infinity":12,"s:64:12:64:Infinity":13,"s:66:8:66:Infinity":14,"f:72:11:72:48":3,"s:73:8:115:Infinity":15,"f:121:11:121:53":4,"s:122:8:171:Infinity":16,"f:177:11:177:45":5,"s:178:8:238:Infinity":17,"f:244:11:244:49":6,"s:245:8:301:Infinity":18,"f:307:11:307:45":7,"s:308:8:357:Infinity":19,"f:363:11:363:49":8,"s:364:8:411:Infinity":20,"f:417:11:417:47":9,"s:418:8:471:Infinity":21,"f:477:11:477:50":10,"s:478:8:538:Infinity":22,"f:544:11:544:47":11,"s:545:8:596:Infinity":23,"f:602:11:602:44":12,"s:603:8:650:Infinity":24,"f:656:11:656:45":13,"s:657:8:716:Infinity":25,"f:722:11:722:49":14,"s:723:8:772:Infinity":26,"f:778:11:778:43":15,"s:779:8:826:Infinity":27,"f:832:11:832:43":16,"s:833:8:882:Infinity":28,"f:888:11:888:46":17,"s:889:8:942:Infinity":29,"f:948:11:948:48":18,"s:949:8:1004:Infinity":30,"f:1010:11:1010:47":19,"s:1011:8:1064:Infinity":31,"f:1070:11:1070:47":20,"s:1071:8:1122:Infinity":32,"f:1128:11:1128:47":21,"s:1129:8:1176:Infinity":33,"f:1182:11:1182:50":22,"s:1183:8:1239:Infinity":34,"f:1245:11:1245:41":23,"s:1246:8:1267:Infinity":35,"f:1270:11:1270:27":24,"s:1271:29:1271:Infinity":36,"s:1272:22:1272:Infinity":37,"b:1272:42:1272:85:1272:85:1272:Infinity":5,"s:1273:29:1273:Infinity":38,"b:1273:29:1273:57:1273:57:1273:Infinity":6,"s:1275:8:1282:Infinity":39,"f:1275:38:1275:50":25,"s:1276:12:1281:Infinity":40,"s:1276:25:1276:37":41,"s:1277:30:1277:Infinity":42,"b:1278:16:1280:Infinity:undefined:undefined:undefined:undefined":7,"s:1278:16:1280:Infinity":43,"s:1279:20:1279:Infinity":44,"f:1288:11:1288:29":26,"b:1289:8:1295:Infinity:1291:15:1295:Infinity":8,"s:1289:8:1295:Infinity":45,"s:1290:12:1290:Infinity":46,"s:1293:28:1293:Infinity":47,"b:1293:28:1293:59:1293:59:1293:Infinity":9,"s:1294:12:1294:Infinity":48,"f:1301:11:1301:32":27,"s:1302:8:1302:Infinity":49}}}
,"/private/var/folders/3z/35r744951n1b8qpcmnlm7t8m0000gn/T/vibe-kanban/worktrees/f065-create-tests-for/my-phaser-game/src/systems/BiomeManager.ts": {"path":"/private/var/folders/3z/35r744951n1b8qpcmnlm7t8m0000gn/T/vibe-kanban/worktrees/f065-create-tests-for/my-phaser-game/src/systems/BiomeManager.ts","statementMap":{"0":{"start":{"line":10,"column":7},"end":{"line":10,"column":null}},"1":{"start":{"line":11,"column":4},"end":{"line":11,"column":null}},"2":{"start":{"line":12,"column":4},"end":{"line":12,"column":null}},"3":{"start":{"line":13,"column":4},"end":{"line":13,"column":null}},"4":{"start":{"line":14,"column":4},"end":{"line":14,"column":null}},"5":{"start":{"line":15,"column":4},"end":{"line":15,"column":null}},"6":{"start":{"line":16,"column":4},"end":{"line":16,"column":null}},"7":{"start":{"line":17,"column":4},"end":{"line":17,"column":null}},"8":{"start":{"line":10,"column":12},"end":{"line":10,"column":null}},"9":{"start":{"line":76,"column":38},"end":{"line":81,"column":null}},"10":{"start":{"line":86,"column":55},"end":{"line":246,"column":null}},"11":{"start":{"line":249,"column":4},"end":{"line":249,"column":null}},"12":{"start":{"line":250,"column":4},"end":{"line":250,"column":null}},"13":{"start":{"line":251,"column":4},"end":{"line":251,"column":null}},"14":{"start":{"line":252,"column":4},"end":{"line":252,"column":null}},"15":{"start":{"line":258,"column":22},"end":{"line":258,"column":null}},"16":{"start":{"line":259,"column":8},"end":{"line":262,"column":null}},"17":{"start":{"line":260,"column":12},"end":{"line":260,"column":null}},"18":{"start":{"line":261,"column":12},"end":{"line":261,"column":null}},"19":{"start":{"line":263,"column":8},"end":{"line":263,"column":null}},"20":{"start":{"line":270,"column":8},"end":{"line":270,"column":null}},"21":{"start":{"line":277,"column":8},"end":{"line":277,"column":null}},"22":{"start":{"line":284,"column":22},"end":{"line":284,"column":null}},"23":{"start":{"line":285,"column":8},"end":{"line":285,"column":null}},"24":{"start":{"line":288,"column":8},"end":{"line":288,"column":null}},"25":{"start":{"line":291,"column":8},"end":{"line":293,"column":null}},"26":{"start":{"line":292,"column":12},"end":{"line":292,"column":null}},"27":{"start":{"line":296,"column":8},"end":{"line":298,"column":null}},"28":{"start":{"line":297,"column":12},"end":{"line":297,"column":null}},"29":{"start":{"line":301,"column":8},"end":{"line":303,"column":null}},"30":{"start":{"line":302,"column":12},"end":{"line":302,"column":null}},"31":{"start":{"line":305,"column":8},"end":{"line":305,"column":null}},"32":{"start":{"line":313,"column":8},"end":{"line":315,"column":null}},"33":{"start":{"line":314,"column":12},"end":{"line":314,"column":null}},"34":{"start":{"line":317,"column":8},"end":{"line":317,"column":null}},"35":{"start":{"line":318,"column":8},"end":{"line":318,"column":null}},"36":{"start":{"line":319,"column":8},"end":{"line":319,"column":null}},"37":{"start":{"line":327,"column":8},"end":{"line":329,"column":null}},"38":{"start":{"line":328,"column":12},"end":{"line":328,"column":null}},"39":{"start":{"line":331,"column":29},"end":{"line":331,"column":null}},"40":{"start":{"line":332,"column":30},"end":{"line":332,"column":null}},"41":{"start":{"line":335,"column":25},"end":{"line":335,"column":null}},"42":{"start":{"line":336,"column":8},"end":{"line":336,"column":null}},"43":{"start":{"line":338,"column":8},"end":{"line":365,"column":null}},"44":{"start":{"line":340,"column":16},"end":{"line":340,"column":null}},"45":{"start":{"line":341,"column":16},"end":{"line":341,"column":null}},"46":{"start":{"line":342,"column":16},"end":{"line":342,"column":null}},"47":{"start":{"line":344,"column":16},"end":{"line":344,"column":null}},"48":{"start":{"line":345,"column":16},"end":{"line":345,"column":null}},"49":{"start":{"line":346,"column":16},"end":{"line":346,"column":null}},"50":{"start":{"line":348,"column":16},"end":{"line":348,"column":null}},"51":{"start":{"line":349,"column":16},"end":{"line":349,"column":null}},"52":{"start":{"line":350,"column":16},"end":{"line":350,"column":null}},"53":{"start":{"line":352,"column":16},"end":{"line":352,"column":null}},"54":{"start":{"line":353,"column":16},"end":{"line":353,"column":null}},"55":{"start":{"line":354,"column":16},"end":{"line":354,"column":null}},"56":{"start":{"line":355,"column":16},"end":{"line":355,"column":null}},"57":{"start":{"line":357,"column":16},"end":{"line":357,"column":null}},"58":{"start":{"line":358,"column":16},"end":{"line":358,"column":null}},"59":{"start":{"line":359,"column":16},"end":{"line":359,"column":null}},"60":{"start":{"line":360,"column":16},"end":{"line":360,"column":null}},"61":{"start":{"line":362,"column":16},"end":{"line":362,"column":null}},"62":{"start":{"line":363,"column":16},"end":{"line":363,"column":null}},"63":{"start":{"line":364,"column":16},"end":{"line":364,"column":null}},"64":{"start":{"line":366,"column":8},"end":{"line":366,"column":null}},"65":{"start":{"line":369,"column":26},"end":{"line":369,"column":null}},"66":{"start":{"line":370,"column":8},"end":{"line":370,"column":null}},"67":{"start":{"line":372,"column":8},"end":{"line":372,"column":null}},"68":{"start":{"line":380,"column":8},"end":{"line":383,"column":null}},"69":{"start":{"line":381,"column":12},"end":{"line":381,"column":null}},"70":{"start":{"line":382,"column":12},"end":{"line":382,"column":null}},"71":{"start":{"line":385,"column":25},"end":{"line":385,"column":null}},"72":{"start":{"line":386,"column":8},"end":{"line":386,"column":null}},"73":{"start":{"line":386,"column":23},"end":{"line":386,"column":null}},"74":{"start":{"line":389,"column":8},"end":{"line":408,"column":null}},"75":{"start":{"line":390,"column":12},"end":{"line":405,"column":null}},"76":{"start":{"line":391,"column":16},"end":{"line":394,"column":null}},"77":{"start":{"line":397,"column":16},"end":{"line":402,"column":null}},"78":{"start":{"line":398,"column":20},"end":{"line":398,"column":null}},"79":{"start":{"line":399,"column":20},"end":{"line":399,"column":null}},"80":{"start":{"line":401,"column":20},"end":{"line":401,"column":null}},"81":{"start":{"line":404,"column":16},"end":{"line":404,"column":null}},"82":{"start":{"line":407,"column":12},"end":{"line":407,"column":null}},"83":{"start":{"line":415,"column":8},"end":{"line":418,"column":null}},"84":{"start":{"line":416,"column":12},"end":{"line":416,"column":null}},"85":{"start":{"line":425,"column":8},"end":{"line":428,"column":null}},"86":{"start":{"line":426,"column":12},"end":{"line":426,"column":null}},"87":{"start":{"line":427,"column":12},"end":{"line":427,"column":null}},"88":{"start":{"line":435,"column":8},"end":{"line":438,"column":null}},"89":{"start":{"line":436,"column":12},"end":{"line":436,"column":null}},"90":{"start":{"line":437,"column":12},"end":{"line":437,"column":null}},"91":{"start":{"line":445,"column":8},"end":{"line":447,"column":null}},"92":{"start":{"line":446,"column":13},"end":{"line":446,"column":null}},"93":{"start":{"line":454,"column":85},"end":{"line":460,"column":null}},"94":{"start":{"line":462,"column":8},"end":{"line":525,"column":null}},"95":{"start":{"line":464,"column":16},"end":{"line":472,"column":null}},"96":{"start":{"line":474,"column":16},"end":{"line":482,"column":null}},"97":{"start":{"line":484,"column":16},"end":{"line":492,"column":null}},"98":{"start":{"line":494,"column":16},"end":{"line":501,"column":null}},"99":{"start":{"line":503,"column":16},"end":{"line":512,"column":null}},"100":{"start":{"line":514,"column":16},"end":{"line":522,"column":null}},"101":{"start":{"line":524,"column":16},"end":{"line":524,"column":null}},"102":{"start":{"line":532,"column":8},"end":{"line":535,"column":null}},"103":{"start":{"line":533,"column":12},"end":{"line":533,"column":null}},"104":{"start":{"line":534,"column":12},"end":{"line":534,"column":null}},"105":{"start":{"line":536,"column":8},"end":{"line":539,"column":null}},"106":{"start":{"line":537,"column":12},"end":{"line":537,"column":null}},"107":{"start":{"line":538,"column":12},"end":{"line":538,"column":null}},"108":{"start":{"line":540,"column":8},"end":{"line":543,"column":null}},"109":{"start":{"line":541,"column":12},"end":{"line":541,"column":null}},"110":{"start":{"line":542,"column":12},"end":{"line":542,"column":null}},"111":{"start":{"line":544,"column":8},"end":{"line":544,"column":null}},"112":{"start":{"line":551,"column":8},"end":{"line":551,"column":null}},"113":{"start":{"line":558,"column":33},"end":{"line":558,"column":null}},"114":{"start":{"line":559,"column":8},"end":{"line":559,"column":null}},"115":{"start":{"line":566,"column":55},"end":{"line":573,"column":null}},"116":{"start":{"line":574,"column":8},"end":{"line":574,"column":null}},"117":{"start":{"line":581,"column":8},"end":{"line":581,"column":null}}},"fnMap":{"0":{"name":"(anonymous_0)","decl":{"start":{"line":10,"column":7},"end":{"line":10,"column":12}},"loc":{"start":{"line":10,"column":7},"end":{"line":10,"column":null}},"line":10},"1":{"name":"(anonymous_1)","decl":{"start":{"line":257,"column":11},"end":{"line":257,"column":20}},"loc":{"start":{"line":257,"column":50},"end":{"line":264,"column":null}},"line":257},"2":{"name":"(anonymous_2)","decl":{"start":{"line":269,"column":11},"end":{"line":269,"column":43}},"loc":{"start":{"line":269,"column":43},"end":{"line":271,"column":null}},"line":269},"3":{"name":"(anonymous_3)","decl":{"start":{"line":276,"column":11},"end":{"line":276,"column":41}},"loc":{"start":{"line":276,"column":41},"end":{"line":278,"column":null}},"line":276},"4":{"name":"(anonymous_4)","decl":{"start":{"line":283,"column":11},"end":{"line":283,"column":22}},"loc":{"start":{"line":283,"column":78},"end":{"line":306,"column":null}},"line":283},"5":{"name":"(anonymous_5)","decl":{"start":{"line":311,"column":19},"end":{"line":311,"column":36}},"loc":{"start":{"line":311,"column":95},"end":{"line":320,"column":null}},"line":311},"6":{"name":"(anonymous_6)","decl":{"start":{"line":325,"column":19},"end":{"line":325,"column":42}},"loc":{"start":{"line":325,"column":89},"end":{"line":373,"column":null}},"line":325},"7":{"name":"(anonymous_7)","decl":{"start":{"line":378,"column":19},"end":{"line":378,"column":36}},"loc":{"start":{"line":378,"column":83},"end":{"line":409,"column":null}},"line":378},"8":{"name":"(anonymous_8)","decl":{"start":{"line":414,"column":11},"end":{"line":414,"column":36}},"loc":{"start":{"line":414,"column":36},"end":{"line":419,"column":null}},"line":414},"9":{"name":"(anonymous_9)","decl":{"start":{"line":424,"column":11},"end":{"line":424,"column":37}},"loc":{"start":{"line":424,"column":37},"end":{"line":429,"column":null}},"line":424},"10":{"name":"(anonymous_10)","decl":{"start":{"line":434,"column":11},"end":{"line":434,"column":38}},"loc":{"start":{"line":434,"column":38},"end":{"line":439,"column":null}},"line":434},"11":{"name":"(anonymous_11)","decl":{"start":{"line":444,"column":11},"end":{"line":444,"column":28}},"loc":{"start":{"line":444,"column":50},"end":{"line":448,"column":null}},"line":444},"12":{"name":"(anonymous_12)","decl":{"start":{"line":453,"column":19},"end":{"line":453,"column":37}},"loc":{"start":{"line":453,"column":109},"end":{"line":526,"column":null}},"line":453},"13":{"name":"(anonymous_13)","decl":{"start":{"line":531,"column":11},"end":{"line":531,"column":27}},"loc":{"start":{"line":531,"column":27},"end":{"line":545,"column":null}},"line":531},"14":{"name":"(anonymous_14)","decl":{"start":{"line":550,"column":11},"end":{"line":550,"column":49}},"loc":{"start":{"line":550,"column":49},"end":{"line":552,"column":null}},"line":550},"15":{"name":"(anonymous_15)","decl":{"start":{"line":557,"column":11},"end":{"line":557,"column":29}},"loc":{"start":{"line":557,"column":58},"end":{"line":560,"column":null}},"line":557},"16":{"name":"(anonymous_16)","decl":{"start":{"line":565,"column":11},"end":{"line":565,"column":33}},"loc":{"start":{"line":565,"column":61},"end":{"line":575,"column":null}},"line":565},"17":{"name":"(anonymous_17)","decl":{"start":{"line":580,"column":11},"end":{"line":580,"column":25}},"loc":{"start":{"line":580,"column":52},"end":{"line":582,"column":null}},"line":580}},"branchMap":{"0":{"loc":{"start":{"line":10,"column":12},"end":{"line":10,"column":null}},"type":"binary-expr","locations":[{"start":{"line":10,"column":12},"end":{"line":10,"column":null}},{"start":{"line":10,"column":12},"end":{"line":10,"column":null}}],"line":10},"1":{"loc":{"start":{"line":259,"column":8},"end":{"line":262,"column":null}},"type":"if","locations":[{"start":{"line":259,"column":8},"end":{"line":262,"column":null}},{"start":{},"end":{}}],"line":259},"2":{"loc":{"start":{"line":291,"column":8},"end":{"line":293,"column":null}},"type":"if","locations":[{"start":{"line":291,"column":8},"end":{"line":293,"column":null}},{"start":{},"end":{}}],"line":291},"3":{"loc":{"start":{"line":291,"column":12},"end":{"line":291,"column":92}},"type":"binary-expr","locations":[{"start":{"line":291,"column":12},"end":{"line":291,"column":52}},{"start":{"line":291,"column":52},"end":{"line":291,"column":92}}],"line":291},"4":{"loc":{"start":{"line":296,"column":8},"end":{"line":298,"column":null}},"type":"if","locations":[{"start":{"line":296,"column":8},"end":{"line":298,"column":null}},{"start":{},"end":{}}],"line":296},"5":{"loc":{"start":{"line":296,"column":12},"end":{"line":296,"column":89}},"type":"binary-expr","locations":[{"start":{"line":296,"column":12},"end":{"line":296,"column":46}},{"start":{"line":296,"column":46},"end":{"line":296,"column":89}}],"line":296},"6":{"loc":{"start":{"line":301,"column":8},"end":{"line":303,"column":null}},"type":"if","locations":[{"start":{"line":301,"column":8},"end":{"line":303,"column":null}},{"start":{},"end":{}}],"line":301},"7":{"loc":{"start":{"line":313,"column":8},"end":{"line":315,"column":null}},"type":"if","locations":[{"start":{"line":313,"column":8},"end":{"line":315,"column":null}},{"start":{},"end":{}}],"line":313},"8":{"loc":{"start":{"line":327,"column":8},"end":{"line":329,"column":null}},"type":"if","locations":[{"start":{"line":327,"column":8},"end":{"line":329,"column":null}},{"start":{},"end":{}}],"line":327},"9":{"loc":{"start":{"line":332,"column":30},"end":{"line":332,"column":null}},"type":"binary-expr","locations":[{"start":{"line":332,"column":30},"end":{"line":332,"column":61}},{"start":{"line":332,"column":61},"end":{"line":332,"column":null}}],"line":332},"10":{"loc":{"start":{"line":338,"column":8},"end":{"line":365,"column":null}},"type":"switch","locations":[{"start":{"line":339,"column":12},"end":{"line":342,"column":null}},{"start":{"line":343,"column":12},"end":{"line":346,"column":null}},{"start":{"line":347,"column":12},"end":{"line":350,"column":null}},{"start":{"line":351,"column":12},"end":{"line":355,"column":null}},{"start":{"line":356,"column":12},"end":{"line":360,"column":null}},{"start":{"line":361,"column":12},"end":{"line":364,"column":null}}],"line":338},"11":{"loc":{"start":{"line":380,"column":8},"end":{"line":383,"column":null}},"type":"if","locations":[{"start":{"line":380,"column":8},"end":{"line":383,"column":null}},{"start":{},"end":{}}],"line":380},"12":{"loc":{"start":{"line":386,"column":8},"end":{"line":386,"column":null}},"type":"if","locations":[{"start":{"line":386,"column":8},"end":{"line":386,"column":null}},{"start":{},"end":{}}],"line":386},"13":{"loc":{"start":{"line":390,"column":12},"end":{"line":405,"column":null}},"type":"if","locations":[{"start":{"line":390,"column":12},"end":{"line":405,"column":null}},{"start":{"line":403,"column":19},"end":{"line":405,"column":null}}],"line":390},"14":{"loc":{"start":{"line":392,"column":28},"end":{"line":392,"column":null}},"type":"binary-expr","locations":[{"start":{"line":392,"column":28},"end":{"line":392,"column":57}},{"start":{"line":392,"column":57},"end":{"line":392,"column":null}}],"line":392},"15":{"loc":{"start":{"line":397,"column":16},"end":{"line":402,"column":null}},"type":"if","locations":[{"start":{"line":397,"column":16},"end":{"line":402,"column":null}},{"start":{"line":400,"column":23},"end":{"line":402,"column":null}}],"line":397},"16":{"loc":{"start":{"line":415,"column":8},"end":{"line":418,"column":null}},"type":"if","locations":[{"start":{"line":415,"column":8},"end":{"line":418,"column":null}},{"start":{},"end":{}}],"line":415},"17":{"loc":{"start":{"line":425,"column":8},"end":{"line":428,"column":null}},"type":"if","locations":[{"start":{"line":425,"column":8},"end":{"line":428,"column":null}},{"start":{},"end":{}}],"line":425},"18":{"loc":{"start":{"line":425,"column":12},"end":{"line":425,"column":62}},"type":"binary-expr","locations":[{"start":{"line":425,"column":12},"end":{"line":425,"column":33}},{"start":{"line":425,"column":33},"end":{"line":425,"column":62}}],"line":425},"19":{"loc":{"start":{"line":435,"column":8},"end":{"line":438,"column":null}},"type":"if","locations":[{"start":{"line":435,"column":8},"end":{"line":438,"column":null}},{"start":{},"end":{}}],"line":435},"20":{"loc":{"start":{"line":435,"column":12},"end":{"line":435,"column":63}},"type":"binary-expr","locations":[{"start":{"line":435,"column":12},"end":{"line":435,"column":33}},{"start":{"line":435,"column":33},"end":{"line":435,"column":63}}],"line":435},"21":{"loc":{"start":{"line":445,"column":8},"end":{"line":447,"column":null}},"type":"if","locations":[{"start":{"line":445,"column":8},"end":{"line":447,"column":null}},{"start":{},"end":{}}],"line":445},"22":{"loc":{"start":{"line":445,"column":12},"end":{"line":445,"column":67}},"type":"binary-expr","locations":[{"start":{"line":445,"column":12},"end":{"line":445,"column":33}},{"start":{"line":445,"column":33},"end":{"line":445,"column":67}}],"line":445},"23":{"loc":{"start":{"line":462,"column":8},"end":{"line":525,"column":null}},"type":"switch","locations":[{"start":{"line":463,"column":12},"end":{"line":472,"column":null}},{"start":{"line":473,"column":12},"end":{"line":482,"column":null}},{"start":{"line":483,"column":12},"end":{"line":492,"column":null}},{"start":{"line":493,"column":12},"end":{"line":501,"column":null}},{"start":{"line":502,"column":12},"end":{"line":512,"column":null}},{"start":{"line":513,"column":12},"end":{"line":522,"column":null}},{"start":{"line":523,"column":12},"end":{"line":524,"column":null}}],"line":462},"24":{"loc":{"start":{"line":532,"column":8},"end":{"line":535,"column":null}},"type":"if","locations":[{"start":{"line":532,"column":8},"end":{"line":535,"column":null}},{"start":{},"end":{}}],"line":532},"25":{"loc":{"start":{"line":536,"column":8},"end":{"line":539,"column":null}},"type":"if","locations":[{"start":{"line":536,"column":8},"end":{"line":539,"column":null}},{"start":{},"end":{}}],"line":536},"26":{"loc":{"start":{"line":540,"column":8},"end":{"line":543,"column":null}},"type":"if","locations":[{"start":{"line":540,"column":8},"end":{"line":543,"column":null}},{"start":{},"end":{}}],"line":540},"27":{"loc":{"start":{"line":574,"column":15},"end":{"line":574,"column":null}},"type":"binary-expr","locations":[{"start":{"line":574,"column":15},"end":{"line":574,"column":42}},{"start":{"line":574,"column":42},"end":{"line":574,"column":null}}],"line":574}},"s":{"0":2,"1":2,"2":2,"3":2,"4":2,"5":2,"6":2,"7":2,"8":2,"9":2,"10":2,"11":2,"12":2,"13":2,"14":2,"15":30,"16":30,"17":1,"18":1,"19":29,"20":2,"21":13,"22":0,"23":0,"24":0,"25":0,"26":0,"27":0,"28":0,"29":0,"30":0,"31":0,"32":0,"33":0,"34":0,"35":0,"36":0,"37":0,"38":0,"39":0,"40":0,"41":0,"42":0,"43":0,"44":0,"45":0,"46":0,"47":0,"48":0,"49":0,"50":0,"51":0,"52":0,"53":0,"54":0,"55":0,"56":0,"57":0,"58":0,"59":0,"60":0,"61":0,"62":0,"63":0,"64":0,"65":0,"66":0,"67":0,"68":0,"69":0,"70":0,"71":0,"72":0,"73":0,"74":0,"75":0,"76":0,"77":0,"78":0,"79":0,"80":0,"81":0,"82":0,"83":0,"84":0,"85":0,"86":0,"87":0,"88":0,"89":0,"90":0,"91":0,"92":0,"93":0,"94":0,"95":0,"96":0,"97":0,"98":0,"99":0,"100":0,"101":0,"102":54,"103":0,"104":0,"105":54,"106":0,"107":0,"108":54,"109":0,"110":0,"111":54,"112":2,"113":6,"114":6,"115":7,"116":7,"117":1},"f":{"0":2,"1":2,"2":2,"3":2,"4":2,"5":2,"6":2,"7":2,"8":2,"9":2,"10":2,"11":2,"12":2,"13":2,"14":2,"15":2,"16":2,"17":2},"b":{"0":[2,2],"1":[1,29],"2":[0,0],"3":[0,0],"4":[0,0],"5":[0,0],"6":[0,0],"7":[0,0],"8":[0,0],"9":[0,0],"10":[0,0,0,0,0,0],"11":[0,0],"12":[0,0],"13":[0,0],"14":[0,0],"15":[0,0],"16":[0,0],"17":[0,0],"18":[0,0],"19":[0,0],"20":[0,0],"21":[0,0],"22":[0,0],"23":[0,0,0,0,0,0,0],"24":[0,54],"25":[0,54],"26":[0,54],"27":[7,1]},"meta":{"lastBranch":28,"lastFunction":18,"lastStatement":118,"seen":{"s:10:7:10:Infinity":0,"f:10:7:10:12":0,"s:11:4:11:Infinity":1,"s:12:4:12:Infinity":2,"s:13:4:13:Infinity":3,"s:14:4:14:Infinity":4,"s:15:4:15:Infinity":5,"s:16:4:16:Infinity":6,"s:17:4:17:Infinity":7,"s:10:12:10:Infinity":8,"b:10:12:10:Infinity:10:12:10:Infinity":0,"s:76:38:81:Infinity":9,"s:86:55:246:Infinity":10,"s:249:4:249:Infinity":11,"s:250:4:250:Infinity":12,"s:251:4:251:Infinity":13,"s:252:4:252:Infinity":14,"f:257:11:257:20":1,"s:258:22:258:Infinity":15,"b:259:8:262:Infinity:undefined:undefined:undefined:undefined":1,"s:259:8:262:Infinity":16,"s:260:12:260:Infinity":17,"s:261:12:261:Infinity":18,"s:263:8:263:Infinity":19,"f:269:11:269:43":2,"s:270:8:270:Infinity":20,"f:276:11:276:41":3,"s:277:8:277:Infinity":21,"f:283:11:283:22":4,"s:284:22:284:Infinity":22,"s:285:8:285:Infinity":23,"s:288:8:288:Infinity":24,"b:291:8:293:Infinity:undefined:undefined:undefined:undefined":2,"s:291:8:293:Infinity":25,"b:291:12:291:52:291:52:291:92":3,"s:292:12:292:Infinity":26,"b:296:8:298:Infinity:undefined:undefined:undefined:undefined":4,"s:296:8:298:Infinity":27,"b:296:12:296:46:296:46:296:89":5,"s:297:12:297:Infinity":28,"b:301:8:303:Infinity:undefined:undefined:undefined:undefined":6,"s:301:8:303:Infinity":29,"s:302:12:302:Infinity":30,"s:305:8:305:Infinity":31,"f:311:19:311:36":5,"b:313:8:315:Infinity:undefined:undefined:undefined:undefined":7,"s:313:8:315:Infinity":32,"s:314:12:314:Infinity":33,"s:317:8:317:Infinity":34,"s:318:8:318:Infinity":35,"s:319:8:319:Infinity":36,"f:325:19:325:42":6,"b:327:8:329:Infinity:undefined:undefined:undefined:undefined":8,"s:327:8:329:Infinity":37,"s:328:12:328:Infinity":38,"s:331:29:331:Infinity":39,"s:332:30:332:Infinity":40,"b:332:30:332:61:332:61:332:Infinity":9,"s:335:25:335:Infinity":41,"s:336:8:336:Infinity":42,"b:339:12:342:Infinity:343:12:346:Infinity:347:12:350:Infinity:351:12:355:Infinity:356:12:360:Infinity:361:12:364:Infinity":10,"s:338:8:365:Infinity":43,"s:340:16:340:Infinity":44,"s:341:16:341:Infinity":45,"s:342:16:342:Infinity":46,"s:344:16:344:Infinity":47,"s:345:16:345:Infinity":48,"s:346:16:346:Infinity":49,"s:348:16:348:Infinity":50,"s:349:16:349:Infinity":51,"s:350:16:350:Infinity":52,"s:352:16:352:Infinity":53,"s:353:16:353:Infinity":54,"s:354:16:354:Infinity":55,"s:355:16:355:Infinity":56,"s:357:16:357:Infinity":57,"s:358:16:358:Infinity":58,"s:359:16:359:Infinity":59,"s:360:16:360:Infinity":60,"s:362:16:362:Infinity":61,"s:363:16:363:Infinity":62,"s:364:16:364:Infinity":63,"s:366:8:366:Infinity":64,"s:369:26:369:Infinity":65,"s:370:8:370:Infinity":66,"s:372:8:372:Infinity":67,"f:378:19:378:36":7,"b:380:8:383:Infinity:undefined:undefined:undefined:undefined":11,"s:380:8:383:Infinity":68,"s:381:12:381:Infinity":69,"s:382:12:382:Infinity":70,"s:385:25:385:Infinity":71,"b:386:8:386:Infinity:undefined:undefined:undefined:undefined":12,"s:386:8:386:Infinity":72,"s:386:23:386:Infinity":73,"s:389:8:408:Infinity":74,"b:390:12:405:Infinity:403:19:405:Infinity":13,"s:390:12:405:Infinity":75,"s:391:16:394:Infinity":76,"b:392:28:392:57:392:57:392:Infinity":14,"b:397:16:402:Infinity:400:23:402:Infinity":15,"s:397:16:402:Infinity":77,"s:398:20:398:Infinity":78,"s:399:20:399:Infinity":79,"s:401:20:401:Infinity":80,"s:404:16:404:Infinity":81,"s:407:12:407:Infinity":82,"f:414:11:414:36":8,"b:415:8:418:Infinity:undefined:undefined:undefined:undefined":16,"s:415:8:418:Infinity":83,"s:416:12:416:Infinity":84,"f:424:11:424:37":9,"b:425:8:428:Infinity:undefined:undefined:undefined:undefined":17,"s:425:8:428:Infinity":85,"b:425:12:425:33:425:33:425:62":18,"s:426:12:426:Infinity":86,"s:427:12:427:Infinity":87,"f:434:11:434:38":10,"b:435:8:438:Infinity:undefined:undefined:undefined:undefined":19,"s:435:8:438:Infinity":88,"b:435:12:435:33:435:33:435:63":20,"s:436:12:436:Infinity":89,"s:437:12:437:Infinity":90,"f:444:11:444:28":11,"b:445:8:447:Infinity:undefined:undefined:undefined:undefined":21,"s:445:8:447:Infinity":91,"b:445:12:445:33:445:33:445:67":22,"s:446:13:446:Infinity":92,"f:453:19:453:37":12,"s:454:85:460:Infinity":93,"b:463:12:472:Infinity:473:12:482:Infinity:483:12:492:Infinity:493:12:501:Infinity:502:12:512:Infinity:513:12:522:Infinity:523:12:524:Infinity":23,"s:462:8:525:Infinity":94,"s:464:16:472:Infinity":95,"s:474:16:482:Infinity":96,"s:484:16:492:Infinity":97,"s:494:16:501:Infinity":98,"s:503:16:512:Infinity":99,"s:514:16:522:Infinity":100,"s:524:16:524:Infinity":101,"f:531:11:531:27":13,"b:532:8:535:Infinity:undefined:undefined:undefined:undefined":24,"s:532:8:535:Infinity":102,"s:533:12:533:Infinity":103,"s:534:12:534:Infinity":104,"b:536:8:539:Infinity:undefined:undefined:undefined:undefined":25,"s:536:8:539:Infinity":105,"s:537:12:537:Infinity":106,"s:538:12:538:Infinity":107,"b:540:8:543:Infinity:undefined:undefined:undefined:undefined":26,"s:540:8:543:Infinity":108,"s:541:12:541:Infinity":109,"s:542:12:542:Infinity":110,"s:544:8:544:Infinity":111,"f:550:11:550:49":14,"s:551:8:551:Infinity":112,"f:557:11:557:29":15,"s:558:33:558:Infinity":113,"s:559:8:559:Infinity":114,"f:565:11:565:33":16,"s:566:55:573:Infinity":115,"s:574:8:574:Infinity":116,"b:574:15:574:42:574:42:574:Infinity":27,"f:580:11:580:25":17,"s:581:8:581:Infinity":117}}}
,"/private/var/folders/3z/35r744951n1b8qpcmnlm7t8m0000gn/T/vibe-kanban/worktrees/f065-create-tests-for/my-phaser-game/src/systems/GameStateManager.ts": {"path":"/private/var/folders/3z/35r744951n1b8qpcmnlm7t8m0000gn/T/vibe-kanban/worktrees/f065-create-tests-for/my-phaser-game/src/systems/GameStateManager.ts","statementMap":{"0":{"start":{"line":2,"column":4},"end":{"line":2,"column":null}},"1":{"start":{"line":3,"column":4},"end":{"line":3,"column":null}},"2":{"start":{"line":4,"column":4},"end":{"line":4,"column":null}},"3":{"start":{"line":5,"column":4},"end":{"line":5,"column":null}},"4":{"start":{"line":8,"column":8},"end":{"line":8,"column":null}},"5":{"start":{"line":12,"column":8},"end":{"line":12,"column":null}},"6":{"start":{"line":16,"column":8},"end":{"line":16,"column":null}},"7":{"start":{"line":20,"column":8},"end":{"line":20,"column":null}},"8":{"start":{"line":24,"column":8},"end":{"line":24,"column":null}},"9":{"start":{"line":25,"column":8},"end":{"line":25,"column":null}},"10":{"start":{"line":29,"column":8},"end":{"line":29,"column":null}},"11":{"start":{"line":33,"column":8},"end":{"line":33,"column":null}},"12":{"start":{"line":37,"column":8},"end":{"line":37,"column":null}},"13":{"start":{"line":38,"column":8},"end":{"line":38,"column":null}},"14":{"start":{"line":42,"column":8},"end":{"line":42,"column":null}},"15":{"start":{"line":46,"column":8},"end":{"line":46,"column":null}},"16":{"start":{"line":47,"column":8},"end":{"line":47,"column":null}}},"fnMap":{"0":{"name":"(anonymous_0)","decl":{"start":{"line":1,"column":7},"end":{"line":1,"column":13}},"loc":{"start":{"line":1,"column":7},"end":{"line":5,"column":null}},"line":1},"1":{"name":"(anonymous_1)","decl":{"start":{"line":7,"column":4},"end":{"line":7,"column":25}},"loc":{"start":{"line":7,"column":25},"end":{"line":9,"column":null}},"line":7},"2":{"name":"(anonymous_2)","decl":{"start":{"line":11,"column":4},"end":{"line":11,"column":27}},"loc":{"start":{"line":11,"column":27},"end":{"line":13,"column":null}},"line":11},"3":{"name":"(anonymous_3)","decl":{"start":{"line":15,"column":4},"end":{"line":15,"column":23}},"loc":{"start":{"line":15,"column":23},"end":{"line":17,"column":null}},"line":15},"4":{"name":"(anonymous_4)","decl":{"start":{"line":19,"column":4},"end":{"line":19,"column":26}},"loc":{"start":{"line":19,"column":26},"end":{"line":21,"column":null}},"line":19},"5":{"name":"(anonymous_5)","decl":{"start":{"line":23,"column":4},"end":{"line":23,"column":23}},"loc":{"start":{"line":23,"column":23},"end":{"line":26,"column":null}},"line":23},"6":{"name":"(anonymous_6)","decl":{"start":{"line":28,"column":4},"end":{"line":28,"column":33}},"loc":{"start":{"line":28,"column":33},"end":{"line":30,"column":null}},"line":28},"7":{"name":"(anonymous_7)","decl":{"start":{"line":32,"column":4},"end":{"line":32,"column":23}},"loc":{"start":{"line":32,"column":23},"end":{"line":34,"column":null}},"line":32},"8":{"name":"(anonymous_8)","decl":{"start":{"line":36,"column":4},"end":{"line":36,"column":23}},"loc":{"start":{"line":36,"column":23},"end":{"line":39,"column":null}},"line":36},"9":{"name":"(anonymous_9)","decl":{"start":{"line":41,"column":4},"end":{"line":41,"column":24}},"loc":{"start":{"line":41,"column":24},"end":{"line":43,"column":null}},"line":41},"10":{"name":"(anonymous_10)","decl":{"start":{"line":45,"column":4},"end":{"line":45,"column":18}},"loc":{"start":{"line":45,"column":18},"end":{"line":48,"column":null}},"line":45}},"branchMap":{},"s":{"0":20,"1":20,"2":20,"3":20,"4":6,"5":6,"6":5,"7":1,"8":15,"9":15,"10":3,"11":2,"12":5,"13":5,"14":4,"15":5,"16":5},"f":{"0":20,"1":6,"2":6,"3":5,"4":1,"5":15,"6":3,"7":2,"8":5,"9":4,"10":5},"b":{},"meta":{"lastBranch":0,"lastFunction":11,"lastStatement":17,"seen":{"f:1:7:1:13":0,"s:2:4:2:Infinity":0,"s:3:4:3:Infinity":1,"s:4:4:4:Infinity":2,"s:5:4:5:Infinity":3,"f:7:4:7:25":1,"s:8:8:8:Infinity":4,"f:11:4:11:27":2,"s:12:8:12:Infinity":5,"f:15:4:15:23":3,"s:16:8:16:Infinity":6,"f:19:4:19:26":4,"s:20:8:20:Infinity":7,"f:23:4:23:23":5,"s:24:8:24:Infinity":8,"s:25:8:25:Infinity":9,"f:28:4:28:33":6,"s:29:8:29:Infinity":10,"f:32:4:32:23":7,"s:33:8:33:Infinity":11,"f:36:4:36:23":8,"s:37:8:37:Infinity":12,"s:38:8:38:Infinity":13,"f:41:4:41:24":9,"s:42:8:42:Infinity":14,"f:45:4:45:18":10,"s:46:8:46:Infinity":15,"s:47:8:47:Infinity":16}}}
,"/private/var/folders/3z/35r744951n1b8qpcmnlm7t8m0000gn/T/vibe-kanban/worktrees/f065-create-tests-for/my-phaser-game/src/systems/HighScoreManager.ts": {"path":"/private/var/folders/3z/35r744951n1b8qpcmnlm7t8m0000gn/T/vibe-kanban/worktrees/f065-create-tests-for/my-phaser-game/src/systems/HighScoreManager.ts","statementMap":{"0":{"start":{"line":7,"column":4},"end":{"line":7,"column":null}},"1":{"start":{"line":8,"column":4},"end":{"line":8,"column":null}},"2":{"start":{"line":9,"column":4},"end":{"line":20,"column":null}},"3":{"start":{"line":23,"column":23},"end":{"line":23,"column":null}},"4":{"start":{"line":26,"column":8},"end":{"line":26,"column":null}},"5":{"start":{"line":29,"column":8},"end":{"line":29,"column":null}},"6":{"start":{"line":29,"column":30},"end":{"line":29,"column":47}},"7":{"start":{"line":32,"column":26},"end":{"line":32,"column":null}},"8":{"start":{"line":35,"column":27},"end":{"line":35,"column":null}},"9":{"start":{"line":35,"column":51},"end":{"line":35,"column":140}},"10":{"start":{"line":38,"column":8},"end":{"line":42,"column":null}},"11":{"start":{"line":39,"column":12},"end":{"line":39,"column":null}},"12":{"start":{"line":41,"column":12},"end":{"line":41,"column":null}},"13":{"start":{"line":44,"column":8},"end":{"line":44,"column":null}},"14":{"start":{"line":48,"column":8},"end":{"line":60,"column":null}},"15":{"start":{"line":49,"column":27},"end":{"line":49,"column":null}},"16":{"start":{"line":50,"column":12},"end":{"line":56,"column":null}},"17":{"start":{"line":51,"column":16},"end":{"line":51,"column":null}},"18":{"start":{"line":54,"column":16},"end":{"line":54,"column":null}},"19":{"start":{"line":55,"column":16},"end":{"line":55,"column":null}},"20":{"start":{"line":58,"column":12},"end":{"line":58,"column":null}},"21":{"start":{"line":59,"column":12},"end":{"line":59,"column":null}},"22":{"start":{"line":64,"column":8},"end":{"line":69,"column":null}},"23":{"start":{"line":65,"column":12},"end":{"line":65,"column":null}},"24":{"start":{"line":66,"column":12},"end":{"line":66,"column":null}},"25":{"start":{"line":68,"column":12},"end":{"line":68,"column":null}},"26":{"start":{"line":73,"column":23},"end":{"line":73,"column":null}},"27":{"start":{"line":76,"column":8},"end":{"line":78,"column":null}},"28":{"start":{"line":77,"column":12},"end":{"line":77,"column":null}},"29":{"start":{"line":81,"column":31},"end":{"line":81,"column":null}},"30":{"start":{"line":82,"column":8},"end":{"line":82,"column":null}},"31":{"start":{"line":86,"column":23},"end":{"line":86,"column":null}},"32":{"start":{"line":89,"column":19},"end":{"line":89,"column":null}},"33":{"start":{"line":90,"column":8},"end":{"line":95,"column":null}},"34":{"start":{"line":91,"column":12},"end":{"line":93,"column":null}},"35":{"start":{"line":92,"column":16},"end":{"line":92,"column":null}},"36":{"start":{"line":94,"column":12},"end":{"line":94,"column":null}},"37":{"start":{"line":97,"column":8},"end":{"line":97,"column":null}},"38":{"start":{"line":101,"column":8},"end":{"line":105,"column":null}},"39":{"start":{"line":102,"column":12},"end":{"line":102,"column":null}},"40":{"start":{"line":104,"column":12},"end":{"line":104,"column":null}}},"fnMap":{"0":{"name":"(anonymous_0)","decl":{"start":{"line":22,"column":11},"end":{"line":22,"column":21}},"loc":{"start":{"line":22,"column":59},"end":{"line":45,"column":null}},"line":22},"1":{"name":"(anonymous_1)","decl":{"start":{"line":29,"column":20},"end":{"line":29,"column":21}},"loc":{"start":{"line":29,"column":30},"end":{"line":29,"column":47}},"line":29},"2":{"name":"(anonymous_2)","decl":{"start":{"line":35,"column":42},"end":{"line":35,"column":51}},"loc":{"start":{"line":35,"column":51},"end":{"line":35,"column":140}},"line":35},"3":{"name":"(anonymous_3)","decl":{"start":{"line":47,"column":11},"end":{"line":47,"column":45}},"loc":{"start":{"line":47,"column":45},"end":{"line":61,"column":null}},"line":47},"4":{"name":"(anonymous_4)","decl":{"start":{"line":63,"column":19},"end":{"line":63,"column":51}},"loc":{"start":{"line":63,"column":51},"end":{"line":70,"column":null}},"line":63},"5":{"name":"(anonymous_5)","decl":{"start":{"line":72,"column":11},"end":{"line":72,"column":23}},"loc":{"start":{"line":72,"column":47},"end":{"line":83,"column":null}},"line":72},"6":{"name":"(anonymous_6)","decl":{"start":{"line":85,"column":11},"end":{"line":85,"column":19}},"loc":{"start":{"line":85,"column":42},"end":{"line":98,"column":null}},"line":85},"7":{"name":"(anonymous_7)","decl":{"start":{"line":100,"column":11},"end":{"line":100,"column":35}},"loc":{"start":{"line":100,"column":35},"end":{"line":106,"column":null}},"line":100}},"branchMap":{"0":{"loc":{"start":{"line":35,"column":51},"end":{"line":35,"column":140}},"type":"binary-expr","locations":[{"start":{"line":35,"column":51},"end":{"line":35,"column":119}},{"start":{"line":35,"column":119},"end":{"line":35,"column":140}}],"line":35},"1":{"loc":{"start":{"line":50,"column":12},"end":{"line":56,"column":null}},"type":"if","locations":[{"start":{"line":50,"column":12},"end":{"line":56,"column":null}},{"start":{"line":52,"column":19},"end":{"line":56,"column":null}}],"line":50},"2":{"loc":{"start":{"line":76,"column":8},"end":{"line":78,"column":null}},"type":"if","locations":[{"start":{"line":76,"column":8},"end":{"line":78,"column":null}},{"start":{},"end":{}}],"line":76},"3":{"loc":{"start":{"line":91,"column":12},"end":{"line":93,"column":null}},"type":"if","locations":[{"start":{"line":91,"column":12},"end":{"line":93,"column":null}},{"start":{},"end":{}}],"line":91}},"s":{"0":1,"1":1,"2":1,"3":25,"4":25,"5":25,"6":345,"7":25,"8":25,"9":146,"10":25,"11":25,"12":0,"13":25,"14":47,"15":47,"16":47,"17":43,"18":4,"19":4,"20":0,"21":0,"22":4,"23":4,"24":4,"25":0,"26":5,"27":5,"28":1,"29":4,"30":4,"31":4,"32":4,"33":4,"34":12,"35":2,"36":10,"37":4,"38":3,"39":3,"40":0},"f":{"0":1,"1":345,"2":146,"3":1,"4":1,"5":1,"6":1,"7":1},"b":{"0":[146,25],"1":[43,4],"2":[1,4],"3":[2,10]},"meta":{"lastBranch":4,"lastFunction":8,"lastStatement":41,"seen":{"s:7:4:7:Infinity":0,"s:8:4:8:Infinity":1,"s:9:4:20:Infinity":2,"f:22:11:22:21":0,"s:23:23:23:Infinity":3,"s:26:8:26:Infinity":4,"s:29:8:29:Infinity":5,"f:29:20:29:21":1,"s:29:30:29:47":6,"s:32:26:32:Infinity":7,"s:35:27:35:Infinity":8,"f:35:42:35:51":2,"s:35:51:35:140":9,"b:35:51:35:119:35:119:35:140":0,"s:38:8:42:Infinity":10,"s:39:12:39:Infinity":11,"s:41:12:41:Infinity":12,"s:44:8:44:Infinity":13,"f:47:11:47:45":3,"s:48:8:60:Infinity":14,"s:49:27:49:Infinity":15,"b:50:12:56:Infinity:52:19:56:Infinity":1,"s:50:12:56:Infinity":16,"s:51:16:51:Infinity":17,"s:54:16:54:Infinity":18,"s:55:16:55:Infinity":19,"s:58:12:58:Infinity":20,"s:59:12:59:Infinity":21,"f:63:19:63:51":4,"s:64:8:69:Infinity":22,"s:65:12:65:Infinity":23,"s:66:12:66:Infinity":24,"s:68:12:68:Infinity":25,"f:72:11:72:23":5,"s:73:23:73:Infinity":26,"b:76:8:78:Infinity:undefined:undefined:undefined:undefined":2,"s:76:8:78:Infinity":27,"s:77:12:77:Infinity":28,"s:81:31:81:Infinity":29,"s:82:8:82:Infinity":30,"f:85:11:85:19":6,"s:86:23:86:Infinity":31,"s:89:19:89:Infinity":32,"s:90:8:95:Infinity":33,"b:91:12:93:Infinity:undefined:undefined:undefined:undefined":3,"s:91:12:93:Infinity":34,"s:92:16:92:Infinity":35,"s:94:12:94:Infinity":36,"s:97:8:97:Infinity":37,"f:100:11:100:35":7,"s:101:8:105:Infinity":38,"s:102:12:102:Infinity":39,"s:104:12:104:Infinity":40}}}
,"/private/var/folders/3z/35r744951n1b8qpcmnlm7t8m0000gn/T/vibe-kanban/worktrees/f065-create-tests-for/my-phaser-game/src/utils/PlatformDetector.ts": {"path":"/private/var/folders/3z/35r744951n1b8qpcmnlm7t8m0000gn/T/vibe-kanban/worktrees/f065-create-tests-for/my-phaser-game/src/utils/PlatformDetector.ts","statementMap":{"0":{"start":{"line":10,"column":8},"end":{"line":15,"column":null}},"1":{"start":{"line":11,"column":30},"end":{"line":11,"column":null}},"2":{"start":{"line":12,"column":12},"end":{"line":14,"column":null}},"3":{"start":{"line":13,"column":16},"end":{"line":13,"column":null}},"4":{"start":{"line":18,"column":8},"end":{"line":20,"column":null}},"5":{"start":{"line":19,"column":12},"end":{"line":19,"column":null}},"6":{"start":{"line":22,"column":8},"end":{"line":22,"column":null}},"7":{"start":{"line":29,"column":8},"end":{"line":29,"column":null}}},"fnMap":{"0":{"name":"(anonymous_0)","decl":{"start":{"line":8,"column":11},"end":{"line":8,"column":33}},"loc":{"start":{"line":8,"column":33},"end":{"line":23,"column":null}},"line":8},"1":{"name":"(anonymous_1)","decl":{"start":{"line":28,"column":11},"end":{"line":28,"column":28}},"loc":{"start":{"line":28,"column":28},"end":{"line":30,"column":null}},"line":28}},"branchMap":{"0":{"loc":{"start":{"line":10,"column":8},"end":{"line":15,"column":null}},"type":"if","locations":[{"start":{"line":10,"column":8},"end":{"line":15,"column":null}},{"start":{},"end":{}}],"line":10},"1":{"loc":{"start":{"line":12,"column":12},"end":{"line":14,"column":null}},"type":"if","locations":[{"start":{"line":12,"column":12},"end":{"line":14,"column":null}},{"start":{},"end":{}}],"line":12},"2":{"loc":{"start":{"line":18,"column":8},"end":{"line":20,"column":null}},"type":"if","locations":[{"start":{"line":18,"column":8},"end":{"line":20,"column":null}},{"start":{},"end":{}}],"line":18},"3":{"loc":{"start":{"line":18,"column":12},"end":{"line":18,"column":84}},"type":"binary-expr","locations":[{"start":{"line":18,"column":12},"end":{"line":18,"column":46}},{"start":{"line":18,"column":46},"end":{"line":18,"column":84}}],"line":18}},"s":{"0":19,"1":19,"2":19,"3":3,"4":16,"5":6,"6":10,"7":7},"f":{"0":1,"1":1},"b":{"0":[19,0],"1":[3,16],"2":[6,10],"3":[16,8]},"meta":{"lastBranch":4,"lastFunction":2,"lastStatement":8,"seen":{"f:8:11:8:33":0,"b:10:8:15:Infinity:undefined:undefined:undefined:undefined":0,"s:10:8:15:Infinity":0,"s:11:30:11:Infinity":1,"b:12:12:14:Infinity:undefined:undefined:undefined:undefined":1,"s:12:12:14:Infinity":2,"s:13:16:13:Infinity":3,"b:18:8:20:Infinity:undefined:undefined:undefined:undefined":2,"s:18:8:20:Infinity":4,"b:18:12:18:46:18:46:18:84":3,"s:19:12:19:Infinity":5,"s:22:8:22:Infinity":6,"f:28:11:28:28":1,"s:29:8:29:Infinity":7}}}
}
